<?xml version="1.0" encoding="UTF-8"?>
<!-- Generated by org.testng.reporters.JUnitReportReporter -->
<testsuite hostname="DESKTOP-6O1MA4A" failures="0" tests="1" name="stepdefinition.firstCrySearch" time="13.054" errors="0" timestamp="2021-06-11T09:51:57 IST" skipped="0">
  <testcase classname="stepdefinition.firstCrySearch" name="f2" time="13.054"/>
  <system-out/>
</testsuite> <!-- stepdefinition.firstCrySearch -->
